PC     Output      Line
040000             0001      MACRO LOAD_FLOAT ARG
040000             0002      ld ix,$+9
040000             0003      call VAL_FP
040000             0004      asciz ARG
040000             0005      ENDMACRO
040000             0006  
040000 31 32 33 34 0007      DB 0x31, 0x32, 0x33, 0x34, 0x35, 0x36, 0x37
       35 36 37    
040007             0008  
040007             0009      LOAD_FLOAT "1.234567"
040007 DD 21 10 00 0001M     ld ix,$+9
       04          
04000C CD 19 00 04 0002M     call VAL_FP
040010 31 2E 32 33 0003M     asciz ARG
       34 35 36 37 
       00          
040019             0010  
040019             0011  VAL_FP:
040019 C9          0012      ret
